<?xml version="1.0"?>
<!DOCTYPE coverage SYSTEM "http://cobertura.sourceforge.net/xml/coverage-04.dtd">
<coverage line-rate="1.0000000000000000" branch-rate="1.0000000000000000" lines-covered="712" lines-valid="712" branches-covered="0" branches-valid="0" complexity="0.0" timestamp="1492397045" version="Slather 2.4.1">
  <sources>
    <source>/Users/luca/Desktop/SwiftSky</source>
  </sources>
  <packages>
    <package name="Source" line-rate="1.0000000000000000" branch-rate="1.0000000000000000" complexity="0.0">
      <classes>
        <class name="Alert" filename="Source/Alert.swift" line-rate="1.0000000000000000" branch-rate="1.0000000000000000" complexity="0.0">
          <methods/>
          <lines>
            <line number="51" branch="false" hits="9"/>
            <line number="52" branch="false" hits="9"/>
            <line number="53" branch="false" hits="6"/>
            <line number="54" branch="false" hits="6"/>
            <line number="55" branch="false" hits="9"/>
            <line number="56" branch="false" hits="3"/>
            <line number="57" branch="false" hits="3"/>
            <line number="58" branch="false" hits="9"/>
            <line number="59" branch="false" hits="9"/>
            <line number="60" branch="false" hits="9"/>
            <line number="61" branch="false" hits="6"/>
            <line number="62" branch="false" hits="6"/>
            <line number="63" branch="false" hits="9"/>
            <line number="64" branch="false" hits="3"/>
            <line number="65" branch="false" hits="3"/>
            <line number="66" branch="false" hits="9"/>
            <line number="67" branch="false" hits="9"/>
            <line number="68" branch="false" hits="9"/>
          </lines>
        </class>
        <class name="Bearing" filename="Source/Bearing.swift" line-rate="1.0000000000000000" branch-rate="1.0000000000000000" complexity="0.0">
          <methods/>
          <lines>
            <line number="26" branch="false" hits="19"/>
            <line number="27" branch="false" hits="19"/>
            <line number="28" branch="false" hits="19"/>
            <line number="29" branch="false" hits="19"/>
            <line number="30" branch="false" hits="19"/>
            <line number="31" branch="false" hits="19"/>
            <line number="32" branch="false" hits="19"/>
          </lines>
        </class>
        <class name="DataBlock" filename="Source/DataBlock.swift" line-rate="1.0000000000000000" branch-rate="1.0000000000000000" complexity="0.0">
          <methods/>
          <lines>
            <line number="55" branch="false" hits="9"/>
            <line number="56" branch="false" hits="9"/>
            <line number="57" branch="false" hits="9"/>
            <line number="58" branch="false" hits="15"/>
            <line number="59" branch="false" hits="15"/>
            <line number="60" branch="false" hits="9"/>
            <line number="61" branch="false" hits="9"/>
            <line number="62" branch="false" hits="9"/>
            <line number="63" branch="false" hits="9"/>
            <line number="64" branch="false" hits="9"/>
            <line number="65" branch="false" hits="9"/>
          </lines>
        </class>
        <class name="DataPoint" filename="Source/DataPoint.swift" line-rate="1.0000000000000000" branch-rate="1.0000000000000000" complexity="0.0">
          <methods/>
          <lines>
            <line number="85" branch="false" hits="18"/>
            <line number="86" branch="false" hits="18"/>
            <line number="87" branch="false" hits="18"/>
            <line number="88" branch="false" hits="18"/>
            <line number="89" branch="false" hits="18"/>
            <line number="90" branch="false" hits="18"/>
            <line number="91" branch="false" hits="18"/>
            <line number="92" branch="false" hits="18"/>
            <line number="93" branch="false" hits="18"/>
            <line number="94" branch="false" hits="18"/>
            <line number="95" branch="false" hits="18"/>
            <line number="96" branch="false" hits="18"/>
            <line number="97" branch="false" hits="12"/>
            <line number="98" branch="false" hits="9"/>
            <line number="99" branch="false" hits="9"/>
            <line number="100" branch="false" hits="9"/>
            <line number="101" branch="false" hits="9"/>
            <line number="102" branch="false" hits="18"/>
            <line number="103" branch="false" hits="18"/>
            <line number="104" branch="false" hits="18"/>
            <line number="105" branch="false" hits="18"/>
            <line number="106" branch="false" hits="18"/>
            <line number="107" branch="false" hits="18"/>
            <line number="108" branch="false" hits="18"/>
            <line number="109" branch="false" hits="18"/>
            <line number="110" branch="false" hits="18"/>
            <line number="111" branch="false" hits="12"/>
            <line number="112" branch="false" hits="9"/>
            <line number="113" branch="false" hits="9"/>
            <line number="114" branch="false" hits="9"/>
            <line number="115" branch="false" hits="9"/>
            <line number="116" branch="false" hits="15"/>
            <line number="117" branch="false" hits="18"/>
            <line number="118" branch="false" hits="15"/>
            <line number="119" branch="false" hits="18"/>
            <line number="120" branch="false" hits="18"/>
            <line number="121" branch="false" hits="18"/>
            <line number="122" branch="false" hits="18"/>
            <line number="123" branch="false" hits="18"/>
            <line number="124" branch="false" hits="18"/>
            <line number="125" branch="false" hits="18"/>
            <line number="126" branch="false" hits="18"/>
            <line number="127" branch="false" hits="6"/>
            <line number="128" branch="false" hits="15"/>
            <line number="129" branch="false" hits="12"/>
            <line number="130" branch="false" hits="12"/>
            <line number="131" branch="false" hits="12"/>
            <line number="132" branch="false" hits="12"/>
            <line number="133" branch="false" hits="18"/>
            <line number="134" branch="false" hits="15"/>
            <line number="135" branch="false" hits="18"/>
            <line number="136" branch="false" hits="18"/>
            <line number="137" branch="false" hits="18"/>
            <line number="138" branch="false" hits="18"/>
            <line number="139" branch="false" hits="18"/>
            <line number="140" branch="false" hits="15"/>
            <line number="141" branch="false" hits="15"/>
            <line number="142" branch="false" hits="18"/>
            <line number="143" branch="false" hits="15"/>
            <line number="144" branch="false" hits="18"/>
            <line number="145" branch="false" hits="18"/>
            <line number="146" branch="false" hits="18"/>
            <line number="147" branch="false" hits="18"/>
            <line number="148" branch="false" hits="18"/>
            <line number="149" branch="false" hits="15"/>
            <line number="150" branch="false" hits="15"/>
            <line number="151" branch="false" hits="18"/>
            <line number="152" branch="false" hits="15"/>
            <line number="153" branch="false" hits="18"/>
            <line number="154" branch="false" hits="18"/>
            <line number="155" branch="false" hits="15"/>
            <line number="156" branch="false" hits="18"/>
            <line number="157" branch="false" hits="18"/>
            <line number="158" branch="false" hits="9"/>
            <line number="159" branch="false" hits="18"/>
            <line number="160" branch="false" hits="18"/>
            <line number="161" branch="false" hits="15"/>
            <line number="162" branch="false" hits="18"/>
            <line number="163" branch="false" hits="18"/>
            <line number="164" branch="false" hits="15"/>
            <line number="165" branch="false" hits="18"/>
            <line number="166" branch="false" hits="18"/>
            <line number="167" branch="false" hits="15"/>
            <line number="168" branch="false" hits="18"/>
            <line number="169" branch="false" hits="18"/>
            <line number="170" branch="false" hits="15"/>
            <line number="171" branch="false" hits="18"/>
            <line number="172" branch="false" hits="18"/>
            <line number="173" branch="false" hits="15"/>
            <line number="174" branch="false" hits="18"/>
            <line number="175" branch="false" hits="18"/>
            <line number="176" branch="false" hits="9"/>
            <line number="177" branch="false" hits="18"/>
            <line number="178" branch="false" hits="18"/>
            <line number="179" branch="false" hits="9"/>
            <line number="180" branch="false" hits="18"/>
            <line number="181" branch="false" hits="18"/>
            <line number="182" branch="false" hits="18"/>
            <line number="183" branch="false" hits="18"/>
            <line number="184" branch="false" hits="18"/>
          </lines>
        </class>
        <class name="Decimals" filename="Source/Decimals.swift" line-rate="1.0000000000000000" branch-rate="1.0000000000000000" complexity="0.0">
          <methods/>
          <lines>
            <line number="13" branch="false" hits="26"/>
            <line number="14" branch="false" hits="26"/>
            <line number="15" branch="false" hits="26"/>
            <line number="17" branch="false" hits="6"/>
            <line number="18" branch="false" hits="6"/>
            <line number="19" branch="false" hits="6"/>
            <line number="20" branch="false" hits="6"/>
            <line number="21" branch="false" hits="6"/>
            <line number="22" branch="false" hits="6"/>
            <line number="23" branch="false" hits="6"/>
            <line number="24" branch="false" hits="6"/>
            <line number="26" branch="false" hits="3"/>
            <line number="27" branch="false" hits="3"/>
            <line number="28" branch="false" hits="3"/>
            <line number="29" branch="false" hits="3"/>
            <line number="30" branch="false" hits="3"/>
            <line number="31" branch="false" hits="3"/>
            <line number="32" branch="false" hits="3"/>
            <line number="33" branch="false" hits="3"/>
          </lines>
        </class>
        <class name="Distance" filename="Source/Distance.swift" line-rate="1.0000000000000000" branch-rate="1.0000000000000000" complexity="0.0">
          <methods/>
          <lines>
            <line number="21" branch="false" hits="1"/>
            <line number="22" branch="false" hits="1"/>
            <line number="23" branch="false" hits="1"/>
            <line number="31" branch="false" hits="4"/>
            <line number="32" branch="false" hits="3"/>
            <line number="33" branch="false" hits="4"/>
            <line number="34" branch="false" hits="1"/>
            <line number="35" branch="false" hits="1"/>
            <line number="36" branch="false" hits="1"/>
            <line number="37" branch="false" hits="1"/>
            <line number="38" branch="false" hits="1"/>
            <line number="39" branch="false" hits="1"/>
            <line number="40" branch="false" hits="1"/>
            <line number="41" branch="false" hits="1"/>
            <line number="42" branch="false" hits="4"/>
            <line number="43" branch="false" hits="4"/>
            <line number="51" branch="false" hits="12"/>
            <line number="52" branch="false" hits="12"/>
            <line number="53" branch="false" hits="12"/>
            <line number="55" branch="false" hits="38"/>
            <line number="56" branch="false" hits="38"/>
            <line number="57" branch="false" hits="22"/>
            <line number="58" branch="false" hits="22"/>
            <line number="59" branch="false" hits="19"/>
            <line number="60" branch="false" hits="19"/>
            <line number="61" branch="false" hits="1"/>
            <line number="62" branch="false" hits="1"/>
            <line number="63" branch="false" hits="1"/>
            <line number="64" branch="false" hits="1"/>
            <line number="65" branch="false" hits="1"/>
            <line number="66" branch="false" hits="1"/>
            <line number="67" branch="false" hits="22"/>
            <line number="68" branch="false" hits="5"/>
            <line number="69" branch="false" hits="5"/>
            <line number="70" branch="false" hits="2"/>
            <line number="71" branch="false" hits="2"/>
            <line number="72" branch="false" hits="1"/>
            <line number="73" branch="false" hits="1"/>
            <line number="74" branch="false" hits="1"/>
            <line number="75" branch="false" hits="1"/>
            <line number="76" branch="false" hits="1"/>
            <line number="77" branch="false" hits="1"/>
            <line number="78" branch="false" hits="5"/>
            <line number="79" branch="false" hits="5"/>
            <line number="80" branch="false" hits="5"/>
            <line number="81" branch="false" hits="2"/>
            <line number="82" branch="false" hits="2"/>
            <line number="83" branch="false" hits="1"/>
            <line number="84" branch="false" hits="1"/>
            <line number="85" branch="false" hits="1"/>
            <line number="86" branch="false" hits="1"/>
            <line number="87" branch="false" hits="1"/>
            <line number="88" branch="false" hits="1"/>
            <line number="89" branch="false" hits="5"/>
            <line number="90" branch="false" hits="6"/>
            <line number="91" branch="false" hits="6"/>
            <line number="92" branch="false" hits="2"/>
            <line number="93" branch="false" hits="2"/>
            <line number="94" branch="false" hits="2"/>
            <line number="95" branch="false" hits="2"/>
            <line number="96" branch="false" hits="1"/>
            <line number="97" branch="false" hits="1"/>
            <line number="98" branch="false" hits="1"/>
            <line number="99" branch="false" hits="1"/>
            <line number="100" branch="false" hits="6"/>
            <line number="101" branch="false" hits="38"/>
            <line number="102" branch="false" hits="38"/>
            <line number="104" branch="false" hits="23"/>
            <line number="105" branch="false" hits="23"/>
            <line number="106" branch="false" hits="23"/>
            <line number="107" branch="false" hits="23"/>
          </lines>
        </class>
        <class name="Forecast" filename="Source/Forecast.swift" line-rate="1.0000000000000000" branch-rate="1.0000000000000000" complexity="0.0">
          <methods/>
          <lines>
            <line number="83" branch="false" hits="5"/>
            <line number="84" branch="false" hits="5"/>
            <line number="85" branch="false" hits="5"/>
            <line number="86" branch="false" hits="1"/>
            <line number="87" branch="false" hits="1"/>
            <line number="88" branch="false" hits="1"/>
            <line number="89" branch="false" hits="1"/>
            <line number="90" branch="false" hits="1"/>
            <line number="91" branch="false" hits="1"/>
            <line number="92" branch="false" hits="1"/>
            <line number="93" branch="false" hits="1"/>
            <line number="94" branch="false" hits="1"/>
            <line number="95" branch="false" hits="1"/>
            <line number="96" branch="false" hits="4"/>
            <line number="97" branch="false" hits="4"/>
            <line number="98" branch="false" hits="1"/>
            <line number="99" branch="false" hits="4"/>
            <line number="100" branch="false" hits="3"/>
            <line number="101" branch="false" hits="3"/>
            <line number="102" branch="false" hits="4"/>
            <line number="103" branch="false" hits="4"/>
            <line number="104" branch="false" hits="3"/>
            <line number="105" branch="false" hits="3"/>
            <line number="106" branch="false" hits="4"/>
            <line number="107" branch="false" hits="4"/>
            <line number="108" branch="false" hits="3"/>
            <line number="109" branch="false" hits="3"/>
            <line number="110" branch="false" hits="4"/>
            <line number="111" branch="false" hits="4"/>
            <line number="112" branch="false" hits="3"/>
            <line number="113" branch="false" hits="3"/>
            <line number="114" branch="false" hits="4"/>
            <line number="115" branch="false" hits="4"/>
            <line number="116" branch="false" hits="3"/>
            <line number="117" branch="false" hits="3"/>
            <line number="118" branch="false" hits="4"/>
            <line number="119" branch="false" hits="4"/>
            <line number="120" branch="false" hits="3"/>
            <line number="121" branch="false" hits="3"/>
            <line number="122" branch="false" hits="4"/>
            <line number="123" branch="false" hits="4"/>
            <line number="124" branch="false" hits="3"/>
            <line number="125" branch="false" hits="3"/>
            <line number="126" branch="false" hits="9"/>
            <line number="127" branch="false" hits="9"/>
            <line number="128" branch="false" hits="3"/>
            <line number="129" branch="false" hits="3"/>
            <line number="130" branch="false" hits="4"/>
            <line number="131" branch="false" hits="4"/>
            <line number="132" branch="false" hits="4"/>
            <line number="133" branch="false" hits="4"/>
            <line number="134" branch="false" hits="4"/>
            <line number="135" branch="false" hits="4"/>
            <line number="136" branch="false" hits="3"/>
            <line number="137" branch="false" hits="3"/>
            <line number="138" branch="false" hits="4"/>
            <line number="139" branch="false" hits="4"/>
            <line number="140" branch="false" hits="4"/>
            <line number="141" branch="false" hits="4"/>
            <line number="142" branch="false" hits="4"/>
          </lines>
        </class>
        <class name="Language" filename="Source/Language.swift" line-rate="1.0000000000000000" branch-rate="1.0000000000000000" complexity="0.0">
          <methods/>
          <lines>
            <line number="51" branch="false" hits="1"/>
            <line number="52" branch="false" hits="1"/>
            <line number="53" branch="false" hits="1"/>
            <line number="54" branch="false" hits="1"/>
            <line number="55" branch="false" hits="34"/>
            <line number="56" branch="false" hits="33"/>
            <line number="57" branch="false" hits="1"/>
            <line number="58" branch="false" hits="1"/>
            <line number="59" branch="false" hits="1"/>
            <line number="60" branch="false" hits="34"/>
            <line number="61" branch="false" hits="1"/>
            <line number="62" branch="false" hits="1"/>
            <line number="63" branch="false" hits="1"/>
          </lines>
        </class>
        <class name="Moon" filename="Source/Moon.swift" line-rate="1.0000000000000000" branch-rate="1.0000000000000000" complexity="0.0">
          <methods/>
          <lines>
            <line number="67" branch="false" hits="8"/>
            <line number="69" branch="false" hits="17"/>
            <line number="70" branch="false" hits="17"/>
            <line number="71" branch="false" hits="1"/>
            <line number="72" branch="false" hits="1"/>
            <line number="73" branch="false" hits="17"/>
            <line number="74" branch="false" hits="1"/>
            <line number="75" branch="false" hits="17"/>
            <line number="76" branch="false" hits="1"/>
            <line number="77" branch="false" hits="17"/>
            <line number="78" branch="false" hits="10"/>
            <line number="79" branch="false" hits="17"/>
            <line number="80" branch="false" hits="1"/>
            <line number="81" branch="false" hits="17"/>
            <line number="82" branch="false" hits="1"/>
            <line number="83" branch="false" hits="17"/>
            <line number="84" branch="false" hits="1"/>
            <line number="85" branch="false" hits="17"/>
            <line number="86" branch="false" hits="16"/>
            <line number="87" branch="false" hits="17"/>
            <line number="88" branch="false" hits="17"/>
          </lines>
        </class>
        <class name="Ozone" filename="Source/Ozone.swift" line-rate="1.0000000000000000" branch-rate="1.0000000000000000" complexity="0.0">
          <methods/>
          <lines>
            <line number="20" branch="false" hits="16"/>
            <line number="21" branch="false" hits="16"/>
            <line number="22" branch="false" hits="16"/>
            <line number="23" branch="false" hits="16"/>
          </lines>
        </class>
        <class name="Percentage" filename="Source/Percentage.swift" line-rate="1.0000000000000000" branch-rate="1.0000000000000000" complexity="0.0">
          <methods/>
          <lines>
            <line number="23" branch="false" hits="43"/>
            <line number="24" branch="false" hits="43"/>
            <line number="25" branch="false" hits="43"/>
            <line number="26" branch="false" hits="43"/>
            <line number="27" branch="false" hits="43"/>
          </lines>
        </class>
        <class name="Precipitation" filename="Source/Precipitation.swift" line-rate="1.0000000000000000" branch-rate="1.0000000000000000" complexity="0.0">
          <methods/>
          <lines>
            <line number="38" branch="false" hits="1"/>
            <line number="46" branch="false" hits="2"/>
            <line number="47" branch="false" hits="1"/>
            <line number="48" branch="false" hits="2"/>
            <line number="49" branch="false" hits="1"/>
            <line number="50" branch="false" hits="1"/>
            <line number="51" branch="false" hits="1"/>
            <line number="52" branch="false" hits="1"/>
            <line number="53" branch="false" hits="2"/>
            <line number="54" branch="false" hits="2"/>
            <line number="62" branch="false" hits="2"/>
            <line number="63" branch="false" hits="2"/>
            <line number="64" branch="false" hits="2"/>
            <line number="66" branch="false" hits="23"/>
            <line number="67" branch="false" hits="23"/>
            <line number="68" branch="false" hits="20"/>
            <line number="69" branch="false" hits="20"/>
            <line number="70" branch="false" hits="19"/>
            <line number="71" branch="false" hits="19"/>
            <line number="72" branch="false" hits="1"/>
            <line number="73" branch="false" hits="1"/>
            <line number="74" branch="false" hits="20"/>
            <line number="75" branch="false" hits="3"/>
            <line number="76" branch="false" hits="3"/>
            <line number="77" branch="false" hits="2"/>
            <line number="78" branch="false" hits="2"/>
            <line number="79" branch="false" hits="1"/>
            <line number="80" branch="false" hits="1"/>
            <line number="81" branch="false" hits="3"/>
            <line number="82" branch="false" hits="23"/>
            <line number="83" branch="false" hits="23"/>
            <line number="85" branch="false" hits="20"/>
            <line number="86" branch="false" hits="20"/>
            <line number="87" branch="false" hits="20"/>
            <line number="88" branch="false" hits="20"/>
            <line number="101" branch="false" hits="1"/>
            <line number="109" branch="false" hits="2"/>
            <line number="110" branch="false" hits="1"/>
            <line number="111" branch="false" hits="2"/>
            <line number="112" branch="false" hits="1"/>
            <line number="113" branch="false" hits="1"/>
            <line number="114" branch="false" hits="1"/>
            <line number="115" branch="false" hits="1"/>
            <line number="116" branch="false" hits="2"/>
            <line number="117" branch="false" hits="2"/>
            <line number="125" branch="false" hits="2"/>
            <line number="126" branch="false" hits="2"/>
            <line number="127" branch="false" hits="2"/>
            <line number="129" branch="false" hits="8"/>
            <line number="130" branch="false" hits="8"/>
            <line number="131" branch="false" hits="5"/>
            <line number="132" branch="false" hits="5"/>
            <line number="133" branch="false" hits="4"/>
            <line number="134" branch="false" hits="4"/>
            <line number="135" branch="false" hits="1"/>
            <line number="136" branch="false" hits="1"/>
            <line number="137" branch="false" hits="5"/>
            <line number="138" branch="false" hits="3"/>
            <line number="139" branch="false" hits="3"/>
            <line number="140" branch="false" hits="2"/>
            <line number="141" branch="false" hits="2"/>
            <line number="142" branch="false" hits="1"/>
            <line number="143" branch="false" hits="1"/>
            <line number="144" branch="false" hits="3"/>
            <line number="145" branch="false" hits="8"/>
            <line number="146" branch="false" hits="8"/>
            <line number="148" branch="false" hits="5"/>
            <line number="149" branch="false" hits="5"/>
            <line number="150" branch="false" hits="5"/>
            <line number="151" branch="false" hits="5"/>
            <line number="186" branch="false" hits="25"/>
            <line number="187" branch="false" hits="13"/>
            <line number="188" branch="false" hits="8"/>
            <line number="189" branch="false" hits="7"/>
            <line number="190" branch="false" hits="6"/>
            <line number="191" branch="false" hits="5"/>
            <line number="192" branch="false" hits="4"/>
            <line number="193" branch="false" hits="4"/>
            <line number="194" branch="false" hits="5"/>
          </lines>
        </class>
        <class name="Pressure" filename="Source/Pressure.swift" line-rate="1.0000000000000000" branch-rate="1.0000000000000000" complexity="0.0">
          <methods/>
          <lines>
            <line number="21" branch="false" hits="1"/>
            <line number="22" branch="false" hits="1"/>
            <line number="23" branch="false" hits="1"/>
            <line number="31" branch="false" hits="2"/>
            <line number="32" branch="false" hits="2"/>
            <line number="33" branch="false" hits="1"/>
            <line number="34" branch="false" hits="1"/>
            <line number="35" branch="false" hits="1"/>
            <line number="36" branch="false" hits="1"/>
            <line number="37" branch="false" hits="2"/>
            <line number="38" branch="false" hits="2"/>
            <line number="46" branch="false" hits="1"/>
            <line number="47" branch="false" hits="1"/>
            <line number="48" branch="false" hits="1"/>
            <line number="50" branch="false" hits="16"/>
            <line number="51" branch="false" hits="16"/>
            <line number="52" branch="false" hits="16"/>
            <line number="53" branch="false" hits="16"/>
          </lines>
        </class>
        <class name="Speed" filename="Source/Speed.swift" line-rate="1.0000000000000000" branch-rate="1.0000000000000000" complexity="0.0">
          <methods/>
          <lines>
            <line number="21" branch="false" hits="1"/>
            <line number="22" branch="false" hits="1"/>
            <line number="23" branch="false" hits="1"/>
            <line number="31" branch="false" hits="3"/>
            <line number="32" branch="false" hits="2"/>
            <line number="33" branch="false" hits="3"/>
            <line number="34" branch="false" hits="1"/>
            <line number="35" branch="false" hits="1"/>
            <line number="36" branch="false" hits="1"/>
            <line number="37" branch="false" hits="1"/>
            <line number="38" branch="false" hits="1"/>
            <line number="39" branch="false" hits="1"/>
            <line number="40" branch="false" hits="3"/>
            <line number="41" branch="false" hits="3"/>
            <line number="49" branch="false" hits="6"/>
            <line number="50" branch="false" hits="6"/>
            <line number="51" branch="false" hits="6"/>
            <line number="53" branch="false" hits="27"/>
            <line number="54" branch="false" hits="27"/>
            <line number="55" branch="false" hits="18"/>
            <line number="56" branch="false" hits="18"/>
            <line number="57" branch="false" hits="16"/>
            <line number="58" branch="false" hits="16"/>
            <line number="59" branch="false" hits="1"/>
            <line number="60" branch="false" hits="1"/>
            <line number="61" branch="false" hits="1"/>
            <line number="62" branch="false" hits="1"/>
            <line number="63" branch="false" hits="18"/>
            <line number="64" branch="false" hits="4"/>
            <line number="65" branch="false" hits="4"/>
            <line number="66" branch="false" hits="2"/>
            <line number="67" branch="false" hits="2"/>
            <line number="68" branch="false" hits="1"/>
            <line number="69" branch="false" hits="1"/>
            <line number="70" branch="false" hits="1"/>
            <line number="71" branch="false" hits="1"/>
            <line number="72" branch="false" hits="4"/>
            <line number="73" branch="false" hits="5"/>
            <line number="74" branch="false" hits="5"/>
            <line number="75" branch="false" hits="2"/>
            <line number="76" branch="false" hits="2"/>
            <line number="77" branch="false" hits="2"/>
            <line number="78" branch="false" hits="2"/>
            <line number="79" branch="false" hits="1"/>
            <line number="80" branch="false" hits="1"/>
            <line number="81" branch="false" hits="5"/>
            <line number="82" branch="false" hits="27"/>
            <line number="83" branch="false" hits="27"/>
            <line number="85" branch="false" hits="19"/>
            <line number="86" branch="false" hits="19"/>
            <line number="87" branch="false" hits="19"/>
            <line number="88" branch="false" hits="19"/>
          </lines>
        </class>
        <class name="Storm" filename="Source/Storm.swift" line-rate="1.0000000000000000" branch-rate="1.0000000000000000" complexity="0.0">
          <methods/>
          <lines>
            <line number="20" branch="false" hits="21"/>
            <line number="21" branch="false" hits="17"/>
            <line number="22" branch="false" hits="16"/>
            <line number="23" branch="false" hits="16"/>
            <line number="24" branch="false" hits="17"/>
          </lines>
        </class>
        <class name="SwiftSky" filename="Source/SwiftSky.swift" line-rate="1.0000000000000000" branch-rate="1.0000000000000000" complexity="0.0">
          <methods/>
          <lines>
            <line number="103" branch="false" hits="3"/>
            <line number="104" branch="false" hits="3"/>
            <line number="105" branch="false" hits="2"/>
            <line number="106" branch="false" hits="2"/>
            <line number="107" branch="false" hits="1"/>
            <line number="108" branch="false" hits="1"/>
            <line number="109" branch="false" hits="3"/>
            <line number="110" branch="false" hits="3"/>
            <line number="113" branch="false" hits="3"/>
            <line number="114" branch="false" hits="3"/>
            <line number="115" branch="false" hits="2"/>
            <line number="116" branch="false" hits="2"/>
            <line number="117" branch="false" hits="1"/>
            <line number="118" branch="false" hits="1"/>
            <line number="119" branch="false" hits="3"/>
            <line number="120" branch="false" hits="3"/>
            <line number="152" branch="false" hits="10"/>
            <line number="153" branch="false" hits="10"/>
            <line number="154" branch="false" hits="10"/>
            <line number="155" branch="false" hits="10"/>
            <line number="158" branch="false" hits="2"/>
            <line number="159" branch="false" hits="2"/>
            <line number="160" branch="false" hits="2"/>
            <line number="166" branch="false" hits="3"/>
            <line number="167" branch="false" hits="3"/>
            <line number="168" branch="false" hits="2"/>
            <line number="169" branch="false" hits="2"/>
            <line number="170" branch="false" hits="3"/>
            <line number="175" branch="false" hits="5"/>
            <line number="176" branch="false" hits="5"/>
            <line number="177" branch="false" hits="5"/>
            <line number="182" branch="false" hits="1"/>
            <line number="183" branch="false" hits="1"/>
            <line number="184" branch="false" hits="1"/>
            <line number="248" branch="false" hits="10"/>
            <line number="249" branch="false" hits="10"/>
            <line number="250" branch="false" hits="10"/>
            <line number="251" branch="false" hits="10"/>
            <line number="252" branch="false" hits="9"/>
            <line number="253" branch="false" hits="9"/>
            <line number="254" branch="false" hits="9"/>
            <line number="255" branch="false" hits="9"/>
            <line number="256" branch="false" hits="8"/>
            <line number="257" branch="false" hits="8"/>
            <line number="258" branch="false" hits="8"/>
            <line number="259" branch="false" hits="8"/>
            <line number="260" branch="false" hits="7"/>
            <line number="261" branch="false" hits="7"/>
            <line number="262" branch="false" hits="7"/>
            <line number="263" branch="false" hits="7"/>
            <line number="264" branch="false" hits="7"/>
            <line number="265" branch="false" hits="7"/>
            <line number="266" branch="false" hits="7"/>
            <line number="267" branch="false" hits="7"/>
            <line number="268" branch="false" hits="7"/>
            <line number="269" branch="false" hits="7"/>
            <line number="270" branch="false" hits="7"/>
            <line number="271" branch="false" hits="7"/>
            <line number="272" branch="false" hits="7"/>
            <line number="273" branch="false" hits="7"/>
            <line number="274" branch="false" hits="7"/>
            <line number="275" branch="false" hits="7"/>
            <line number="276" branch="false" hits="4"/>
            <line number="277" branch="false" hits="4"/>
            <line number="278" branch="false" hits="3"/>
            <line number="279" branch="false" hits="1"/>
            <line number="280" branch="false" hits="1"/>
            <line number="281" branch="false" hits="1"/>
            <line number="282" branch="false" hits="3"/>
            <line number="283" branch="false" hits="2"/>
            <line number="284" branch="false" hits="2"/>
            <line number="285" branch="false" hits="7"/>
            <line number="286" branch="false" hits="7"/>
            <line number="287" branch="false" hits="7"/>
            <line number="288" branch="false" hits="7"/>
          </lines>
        </class>
        <class name="Temperature" filename="Source/Temperature.swift" line-rate="1.0000000000000000" branch-rate="1.0000000000000000" complexity="0.0">
          <methods/>
          <lines>
            <line number="21" branch="false" hits="1"/>
            <line number="29" branch="false" hits="3"/>
            <line number="30" branch="false" hits="2"/>
            <line number="31" branch="false" hits="3"/>
            <line number="32" branch="false" hits="1"/>
            <line number="33" branch="false" hits="1"/>
            <line number="34" branch="false" hits="1"/>
            <line number="35" branch="false" hits="1"/>
            <line number="36" branch="false" hits="1"/>
            <line number="37" branch="false" hits="1"/>
            <line number="38" branch="false" hits="3"/>
            <line number="39" branch="false" hits="3"/>
            <line number="47" branch="false" hits="9"/>
            <line number="48" branch="false" hits="9"/>
            <line number="49" branch="false" hits="9"/>
            <line number="51" branch="false" hits="77"/>
            <line number="52" branch="false" hits="77"/>
            <line number="53" branch="false" hits="69"/>
            <line number="54" branch="false" hits="69"/>
            <line number="55" branch="false" hits="65"/>
            <line number="56" branch="false" hits="65"/>
            <line number="57" branch="false" hits="2"/>
            <line number="58" branch="false" hits="2"/>
            <line number="59" branch="false" hits="2"/>
            <line number="60" branch="false" hits="2"/>
            <line number="61" branch="false" hits="69"/>
            <line number="62" branch="false" hits="4"/>
            <line number="63" branch="false" hits="4"/>
            <line number="64" branch="false" hits="2"/>
            <line number="65" branch="false" hits="2"/>
            <line number="66" branch="false" hits="1"/>
            <line number="67" branch="false" hits="1"/>
            <line number="68" branch="false" hits="1"/>
            <line number="69" branch="false" hits="1"/>
            <line number="70" branch="false" hits="4"/>
            <line number="71" branch="false" hits="4"/>
            <line number="72" branch="false" hits="4"/>
            <line number="73" branch="false" hits="2"/>
            <line number="74" branch="false" hits="2"/>
            <line number="75" branch="false" hits="1"/>
            <line number="76" branch="false" hits="1"/>
            <line number="77" branch="false" hits="1"/>
            <line number="78" branch="false" hits="1"/>
            <line number="79" branch="false" hits="4"/>
            <line number="80" branch="false" hits="77"/>
            <line number="81" branch="false" hits="77"/>
            <line number="83" branch="false" hits="66"/>
            <line number="84" branch="false" hits="66"/>
            <line number="85" branch="false" hits="66"/>
            <line number="86" branch="false" hits="66"/>
            <line number="107" branch="false" hits="25"/>
            <line number="108" branch="false" hits="17"/>
            <line number="109" branch="false" hits="10"/>
            <line number="110" branch="false" hits="6"/>
            <line number="111" branch="false" hits="5"/>
            <line number="112" branch="false" hits="4"/>
            <line number="113" branch="false" hits="4"/>
            <line number="114" branch="false" hits="5"/>
            <line number="138" branch="false" hits="25"/>
            <line number="139" branch="false" hits="18"/>
            <line number="140" branch="false" hits="10"/>
            <line number="141" branch="false" hits="7"/>
            <line number="142" branch="false" hits="6"/>
            <line number="143" branch="false" hits="5"/>
            <line number="144" branch="false" hits="4"/>
            <line number="145" branch="false" hits="4"/>
            <line number="146" branch="false" hits="5"/>
          </lines>
        </class>
        <class name="Units" filename="Source/Units.swift" line-rate="1.0000000000000000" branch-rate="1.0000000000000000" complexity="0.0">
          <methods/>
          <lines>
            <line number="111" branch="false" hits="16"/>
            <line number="112" branch="false" hits="16"/>
            <line number="113" branch="false" hits="16"/>
            <line number="114" branch="false" hits="64"/>
            <line number="115" branch="false" hits="64"/>
            <line number="116" branch="false" hits="64"/>
            <line number="117" branch="false" hits="43"/>
            <line number="118" branch="false" hits="34"/>
            <line number="119" branch="false" hits="35"/>
            <line number="120" branch="false" hits="46"/>
            <line number="121" branch="false" hits="40"/>
            <line number="122" branch="false" hits="40"/>
            <line number="123" branch="false" hits="21"/>
            <line number="124" branch="false" hits="21"/>
            <line number="125" branch="false" hits="21"/>
            <line number="126" branch="false" hits="64"/>
            <line number="127" branch="false" hits="16"/>
            <line number="128" branch="false" hits="16"/>
            <line number="129" branch="false" hits="16"/>
            <line number="143" branch="false" hits="73"/>
            <line number="144" branch="false" hits="1"/>
            <line number="145" branch="false" hits="1"/>
            <line number="146" branch="false" hits="17"/>
            <line number="147" branch="false" hits="17"/>
            <line number="148" branch="false" hits="17"/>
            <line number="149" branch="false" hits="17"/>
            <line number="150" branch="false" hits="17"/>
            <line number="151" branch="false" hits="17"/>
            <line number="152" branch="false" hits="17"/>
            <line number="153" branch="false" hits="17"/>
            <line number="154" branch="false" hits="17"/>
            <line number="155" branch="false" hits="17"/>
            <line number="156" branch="false" hits="17"/>
            <line number="157" branch="false" hits="17"/>
            <line number="158" branch="false" hits="17"/>
            <line number="159" branch="false" hits="17"/>
            <line number="160" branch="false" hits="17"/>
            <line number="161" branch="false" hits="17"/>
            <line number="162" branch="false" hits="17"/>
            <line number="163" branch="false" hits="17"/>
            <line number="164" branch="false" hits="17"/>
            <line number="165" branch="false" hits="17"/>
            <line number="166" branch="false" hits="17"/>
            <line number="167" branch="false" hits="22"/>
            <line number="168" branch="false" hits="22"/>
            <line number="169" branch="false" hits="22"/>
            <line number="170" branch="false" hits="22"/>
            <line number="171" branch="false" hits="22"/>
            <line number="172" branch="false" hits="22"/>
            <line number="173" branch="false" hits="22"/>
            <line number="174" branch="false" hits="73"/>
            <line number="175" branch="false" hits="73"/>
          </lines>
        </class>
        <class name="Url" filename="Source/Url.swift" line-rate="1.0000000000000000" branch-rate="1.0000000000000000" complexity="0.0">
          <methods/>
          <lines>
            <line number="17" branch="false" hits="12"/>
            <line number="18" branch="false" hits="12"/>
            <line number="19" branch="false" hits="5"/>
            <line number="20" branch="false" hits="1"/>
            <line number="21" branch="false" hits="1"/>
            <line number="22" branch="false" hits="1"/>
            <line number="23" branch="false" hits="12"/>
            <line number="24" branch="false" hits="12"/>
            <line number="25" branch="false" hits="12"/>
            <line number="26" branch="false" hits="12"/>
            <line number="27" branch="false" hits="12"/>
            <line number="28" branch="false" hits="12"/>
            <line number="29" branch="false" hits="12"/>
            <line number="30" branch="false" hits="1"/>
            <line number="31" branch="false" hits="1"/>
            <line number="32" branch="false" hits="12"/>
            <line number="33" branch="false" hits="12"/>
            <line number="34" branch="false" hits="9"/>
            <line number="35" branch="false" hits="9"/>
            <line number="36" branch="false" hits="31"/>
            <line number="37" branch="false" hits="31"/>
            <line number="38" branch="false" hits="31"/>
            <line number="39" branch="false" hits="9"/>
            <line number="40" branch="false" hits="9"/>
            <line number="41" branch="false" hits="12"/>
            <line number="42" branch="false" hits="12"/>
            <line number="43" branch="false" hits="12"/>
            <line number="44" branch="false" hits="12"/>
            <line number="45" branch="false" hits="12"/>
            <line number="46" branch="false" hits="12"/>
          </lines>
        </class>
        <class name="Wind" filename="Source/Wind.swift" line-rate="1.0000000000000000" branch-rate="1.0000000000000000" complexity="0.0">
          <methods/>
          <lines>
            <line number="20" branch="false" hits="21"/>
            <line number="21" branch="false" hits="16"/>
            <line number="22" branch="false" hits="4"/>
            <line number="23" branch="false" hits="4"/>
            <line number="24" branch="false" hits="5"/>
          </lines>
        </class>
      </classes>
    </package>
  </packages>
</coverage>
